#
# A fatal error has been detected by the Java Runtime Environment:
#
#  Internal Error (javaCalls.cpp:51), pid=20174, tid=0x00007fc8ce9f1700
#  guarantee(thread->is_Java_thread()) failed: crucial check - the VM thread cannot and must not escape to Java code
#
# JRE version: OpenJDK Runtime Environment (8.0_272-b10) (build 1.8.0_272-8u272-b10-0ubuntu1~16.04-b10)
# Java VM: OpenJDK 64-Bit Server VM (25.272-b10 mixed mode linux-amd64 compressed oops)
# Failed to write core dump. Core dumps have been disabled. To enable core dumping, try "ulimit -c unlimited" before starting Java again
#
# If you would like to submit a bug report, please visit:
#   http://bugreport.java.com/bugreport/crash.jsp
#

---------------  T H R E A D  ---------------

Current thread (0x00007fc8e8146800):  VMThread [stack: 0x00007fc8ce8f1000,0x00007fc8ce9f2000] [id=20186]

Stack: [0x00007fc8ce8f1000,0x00007fc8ce9f2000],  sp=0x00007fc8ce9ef6b0,  free space=1017k
Native frames: (J=compiled Java code, j=interpreted, Vv=VM code, C=native code)
V  [libjvm.so+0xb1ddfb]
V  [libjvm.so+0x4e003d]
V  [libjvm.so+0x68ee5f]
V  [libjvm.so+0x6916b6]
V  [libjvm.so+0x68ff34]
V  [libjvm.so+0x5720d1]
V  [libjvm.so+0x572c3a]
V  [libjvm.so+0x5e84e3]
V  [libjvm.so+0x5ea45a]
V  [libjvm.so+0x5ebb69]
V  [libjvm.so+0x5ef347]
V  [libjvm.so+0x5ef735]
V  [libjvm.so+0x94a10f]
V  [libjvm.so+0x94bd1e]
V  [libjvm.so+0x94cbda]
V  [libjvm.so+0x94d514]
V  [libjvm.so+0x6500b3]
V  [libjvm.so+0x8d363b]
V  [libjvm.so+0x7c200c]
V  [libjvm.so+0xb257e7]
V  [libjvm.so+0xb232c3]
V  [libjvm.so+0xb23665]
V  [libjvm.so+0xb23c32]
V  [libjvm.so+0x958732]

VM_Operation (0x00007fc8ce3e79b0): GetOrSetLocal, mode: safepoint, requested by thread 0x00007fc8e819b000


---------------  P R O C E S S  ---------------

Java Threads: ( => current thread )
  0x00007fc8e866a000 JavaThread "Service Thread" daemon [_thread_blocked, id=20203, stack(0x00007fc8cd6a7000,0x00007fc8cd7a8000)]
  0x00007fc8e865c800 JavaThread "C1 CompilerThread2" daemon [_thread_blocked, id=20202, stack(0x00007fc8cd7a8000,0x00007fc8cd8a9000)]
  0x00007fc8e865a000 JavaThread "C2 CompilerThread1" daemon [_thread_blocked, id=20201, stack(0x00007fc8cd8a9000,0x00007fc8cd9aa000)]
  0x00007fc8e8658800 JavaThread "C2 CompilerThread0" daemon [_thread_blocked, id=20200, stack(0x00007fc8cd9aa000,0x00007fc8cdaab000)]
  0x00007fc8ac001000 JavaThread "JDWP Command Reader" daemon [_thread_in_native, id=20194, stack(0x00007fc8ce0e6000,0x00007fc8ce1e7000)]
  0x00007fc8e819f000 JavaThread "JDWP Event Helper Thread" daemon [_thread_blocked, id=20193, stack(0x00007fc8ce1e7000,0x00007fc8ce2e8000)]
  0x00007fc8e819b000 JavaThread "JDWP Transport Listener: dt_socket" daemon [_thread_blocked, id=20192, stack(0x00007fc8ce2e8000,0x00007fc8ce3e9000)]
  0x00007fc8e8184800 JavaThread "Signal Dispatcher" daemon [_thread_blocked, id=20189, stack(0x00007fc8ce5ee000,0x00007fc8ce6ef000)]
  0x00007fc8e8155000 JavaThread "Finalizer" daemon [_thread_blocked, id=20188, stack(0x00007fc8ce6ef000,0x00007fc8ce7f0000)]
  0x00007fc8e8150800 JavaThread "Reference Handler" daemon [_thread_blocked, id=20187, stack(0x00007fc8ce7f0000,0x00007fc8ce8f1000)]
  0x00007fc8e8011800 JavaThread "main" [_thread_blocked, id=20181, stack(0x00007fc8f1322000,0x00007fc8f1423000)]

Other Threads:
=>0x00007fc8e8146800 VMThread [stack: 0x00007fc8ce8f1000,0x00007fc8ce9f2000] [id=20186]
  0x00007fc8e866c800 WatcherThread [stack: 0x00007fc8cd5a6000,0x00007fc8cd6a7000] [id=20204]

VM state:at safepoint (normal execution)

VM Mutex/Monitor currently owned by a thread:  ([mutex/lock_event])
[0x00007fc8e800dfd0] Threads_lock - owner thread: 0x00007fc8e8146800

heap address: 0x000000072b400000, size: 2380 MB, Compressed Oops mode: Zero based, Oop shift amount: 3
Narrow klass base: 0x0000000000000000, Narrow klass shift: 3
Compressed class space size: 1073741824 Address: 0x00000007c0000000

Heap:
 PSYoungGen      total 45056K, used 22377K [0x000000078e700000, 0x0000000791900000, 0x00000007c0000000)
  eden space 38912K, 48% used [0x000000078e700000,0x000000078f97f118,0x0000000790d00000)
  from space 6144K, 55% used [0x0000000790d00000,0x000000079105b668,0x0000000791300000)
  to   space 6144K, 0% used [0x0000000791300000,0x0000000791300000,0x0000000791900000)
 ParOldGen       total 102400K, used 8K [0x000000072b400000, 0x0000000731800000, 0x000000078e700000)
  object space 102400K, 0% used [0x000000072b400000,0x000000072b402000,0x0000000731800000)
 Metaspace       used 11814K, capacity 12766K, committed 12928K, reserved 1060864K
  class space    used 1411K, capacity 1619K, committed 1664K, reserved 1048576K

Card table byte_map: [0x00007fc8ecaed000,0x00007fc8ecf94000] byte_map_base: 0x00007fc8e9193000

Marking Bits: (ParMarkBitMap*) 0x00007fc8f05e9860
 Begin Bits: [0x00007fc8d45a0000, 0x00007fc8d6ad0000)
 End Bits:   [0x00007fc8d6ad0000, 0x00007fc8d9000000)

Polling page: 0x00007fc8f143d000

CodeCache: size=245760Kb used=4365Kb max_used=4373Kb free=241394Kb
 bounds [0x00007fc8d9000000, 0x00007fc8d9450000, 0x00007fc8e8000000]
 total_blobs=1451 nmethods=1097 adapters=275
 compilation: enabled

Compilation events (10 events):
Event: 18.459 Thread 0x00007fc8e865c800 1094       3       java.lang.StringBuilder::append (8 bytes)
Event: 18.459 Thread 0x00007fc8e865c800 nmethod 1094 0x00007fc8d943c710 code [0x00007fc8d943c880, 0x00007fc8d943ca28]
Event: 18.459 Thread 0x00007fc8e865c800 1093       3       java.lang.StringBuilder::<init> (6 bytes)
Event: 18.460 Thread 0x00007fc8e865c800 nmethod 1093 0x00007fc8d943ac90 code [0x00007fc8d943ae00, 0x00007fc8d943b0b0]
Event: 19.513 Thread 0x00007fc8e865c800 1095       3       java.lang.AbstractStringBuilder::append (50 bytes)
Event: 19.514 Thread 0x00007fc8e865c800 nmethod 1095 0x00007fc8d943a050 code [0x00007fc8d943a220, 0x00007fc8d943a978]
Event: 2314.052 Thread 0x00007fc8e865a000 1096       4       org.eclipse.jdt.launching.internal.org.objectweb.asm.ByteVector::putByteArray (49 bytes)
Event: 2314.053 Thread 0x00007fc8e865a000 nmethod 1096 0x00007fc8d9439390 code [0x00007fc8d94394e0, 0x00007fc8d94396b8]
Event: 2314.054 Thread 0x00007fc8e865c800 1097       3       org.eclipse.jdt.launching.internal.org.objectweb.asm.SymbolTable::put (150 bytes)
Event: 2314.055 Thread 0x00007fc8e865c800 nmethod 1097 0x00007fc8d9447150 code [0x00007fc8d9447300, 0x00007fc8d9447a70]

GC Heap History (2 events):
Event: 1.665 GC heap before
{Heap before GC invocations=1 (full 0):
 PSYoungGen      total 45056K, used 38912K [0x000000078e700000, 0x0000000791900000, 0x00000007c0000000)
  eden space 38912K, 100% used [0x000000078e700000,0x0000000790d00000,0x0000000790d00000)
  from space 6144K, 0% used [0x0000000791300000,0x0000000791300000,0x0000000791900000)
  to   space 6144K, 0% used [0x0000000790d00000,0x0000000790d00000,0x0000000791300000)
 ParOldGen       total 102400K, used 0K [0x000000072b400000, 0x0000000731800000, 0x000000078e700000)
  object space 102400K, 0% used [0x000000072b400000,0x000000072b400000,0x0000000731800000)
 Metaspace       used 9306K, capacity 9908K, committed 9984K, reserved 1058816K
  class space    used 1108K, capacity 1244K, committed 1280K, reserved 1048576K
Event: 1.671 GC heap after
Heap after GC invocations=1 (full 0):
 PSYoungGen      total 45056K, used 3437K [0x000000078e700000, 0x0000000791900000, 0x00000007c0000000)
  eden space 38912K, 0% used [0x000000078e700000,0x000000078e700000,0x0000000790d00000)
  from space 6144K, 55% used [0x0000000790d00000,0x000000079105b668,0x0000000791300000)
  to   space 6144K, 0% used [0x0000000791300000,0x0000000791300000,0x0000000791900000)
 ParOldGen       total 102400K, used 8K [0x000000072b400000, 0x0000000731800000, 0x000000078e700000)
  object space 102400K, 0% used [0x000000072b400000,0x000000072b402000,0x0000000731800000)
 Metaspace       used 9306K, capacity 9908K, committed 9984K, reserved 1058816K
  class space    used 1108K, capacity 1244K, committed 1280K, reserved 1048576K
}

Deoptimization events (8 events):
Event: 1.518 Thread 0x00007fc8e8011800 Uncommon trap: reason=unstable_if action=reinterpret pc=0x00007fc8d925e6cc method=org.eclipse.jdt.launching.internal.org.objectweb.asm.ByteVector.putShort(I)Lorg/eclipse/jdt/launching/internal/org/objectweb/asm/ByteVector; @ 13
Event: 1.612 Thread 0x00007fc8e8011800 Uncommon trap: reason=unstable_if action=reinterpret pc=0x00007fc8d9325950 method=jdk.internal.org.objectweb.asm.Type.getArgumentsAndReturnSizes(Ljava/lang/String;)I @ 47
Event: 1.775 Thread 0x00007fc8e8011800 Uncommon trap: reason=unstable_if action=reinterpret pc=0x00007fc8d92de874 method=java.io.UnixFileSystem.normalize(Ljava/lang/String;)Ljava/lang/String; @ 34
Event: 1.813 Thread 0x00007fc8e8011800 Uncommon trap: reason=unstable_if action=reinterpret pc=0x00007fc8d91cfd30 method=java.lang.String.replace(CC)Ljava/lang/String; @ 26
Event: 1.891 Thread 0x00007fc8e8011800 Uncommon trap: reason=unstable_if action=reinterpret pc=0x00007fc8d9196fe8 method=org.eclipse.jdt.launching.internal.org.objectweb.asm.ClassReader.readUtf(II[C)Ljava/lang/String; @ 41
Event: 1.892 Thread 0x00007fc8e8011800 Uncommon trap: reason=unstable_if action=reinterpret pc=0x00007fc8d912e9a0 method=java.lang.CharacterData.of(I)Ljava/lang/CharacterData; @ 4
Event: 18.345 Thread 0x00007fc8e8011800 Uncommon trap: reason=unstable_if action=reinterpret pc=0x00007fc8d9241870 method=java.lang.AbstractStringBuilder.append(Ljava/lang/String;)Ljava/lang/AbstractStringBuilder; @ 1
Event: 18.425 Thread 0x00007fc8e8011800 Uncommon trap: reason=unstable_if action=reinterpret pc=0x00007fc8d91f80bc method=java.lang.AbstractStringBuilder.append(Ljava/lang/String;)Ljava/lang/AbstractStringBuilder; @ 1

Classes redefined (7 events):
Event: 553.150 Thread 0x00007fc8e8146800 redefined class name=com.cgi.iec61850serversimulator.SwitchingMomentCalculatorTest, count=1
Event: 664.411 Thread 0x00007fc8e8146800 redefined class name=com.cgi.iec61850serversimulator.SwitchingMomentCalculatorTest, count=2
Event: 840.087 Thread 0x00007fc8e8146800 redefined class name=com.cgi.iec61850serversimulator.SwitchingMomentCalculatorTest, count=3
Event: 890.549 Thread 0x00007fc8e8146800 redefined class name=com.cgi.iec61850serversimulator.SwitchingMomentCalculatorTest, count=4
Event: 2314.065 Thread 0x00007fc8e8146800 redefined class name=com.cgi.iec61850serversimulator.Schedule, count=1
Event: 2314.070 Thread 0x00007fc8e8146800 redefined class name=com.cgi.iec61850serversimulator.SwitchingMomentCalculatorTest, count=5
Event: 2400.116 Thread 0x00007fc8e8146800 redefined class name=com.cgi.iec61850serversimulator.SwitchingMomentCalculatorTest, count=6

Internal exceptions (10 events):
Event: 1.652 Thread 0x00007fc8e8011800 Exception <a 'java/lang/NoSuchMethodError': java.lang.Object.lambda$thenComparing$36697e65$1(Ljava/util/Comparator;Ljava/lang/Object;Ljava/lang/Object;)I> (0x0000000790bfc3a8) thrown at [/build/openjdk-8-YkbR4m/openjdk-8-8u272-b10/src/hotspot/src/share/vm
Event: 1.704 Thread 0x00007fc8e8011800 Exception <a 'java/lang/NoSuchMethodError': java.lang.Object.lambda$and$0(Ljava/util/function/Predicate;Ljava/lang/Object;)Z> (0x000000078ea43e50) thrown at [/build/openjdk-8-YkbR4m/openjdk-8-8u272-b10/src/hotspot/src/share/vm/interpreter/linkResolver.cpp
Event: 1.737 Thread 0x00007fc8e8011800 Exception <a 'java/lang/IncompatibleClassChangeError': Found class java.lang.Object, but interface was expected> (0x000000078ec1f920) thrown at [/build/openjdk-8-YkbR4m/openjdk-8-8u272-b10/src/hotspot/src/share/vm/interpreter/linkResolver.cpp, line 653]
Event: 1.775 Thread 0x00007fc8e8011800 Exception <a 'java/io/FileNotFoundException'> (0x000000078f01aec0) thrown at [/build/openjdk-8-YkbR4m/openjdk-8-8u272-b10/src/hotspot/src/share/vm/prims/jni.cpp, line 711]
Event: 1.926 Thread 0x00007fc8e8011800 Exception <a 'java/lang/NoSuchMethodError': org.slf4j.impl.StaticMDCBinder.getSingleton()Lorg/slf4j/impl/StaticMDCBinder;> (0x000000078f5fdc18) thrown at [/build/openjdk-8-YkbR4m/openjdk-8-8u272-b10/src/hotspot/src/share/vm/interpreter/linkResolver.cpp, l
Event: 12.659 Thread 0x00007fc8e8011800 Exception <a 'java/lang/NullPointerException'> (0x000000078f7d2358) thrown at [/build/openjdk-8-YkbR4m/openjdk-8-8u272-b10/src/hotspot/src/share/vm/interpreter/linkResolver.cpp, line 1185]
Event: 12.792 Thread 0x00007fc8e8011800 Exception <a 'java/lang/NullPointerException'> (0x000000078f7d29d0) thrown at [/build/openjdk-8-YkbR4m/openjdk-8-8u272-b10/src/hotspot/src/share/vm/interpreter/linkResolver.cpp, line 1185]
Event: 12.862 Thread 0x00007fc8e8011800 Exception <a 'java/lang/NullPointerException'> (0x000000078f7d3048) thrown at [/build/openjdk-8-YkbR4m/openjdk-8-8u272-b10/src/hotspot/src/share/vm/interpreter/linkResolver.cpp, line 1185]
Event: 18.345 Thread 0x00007fc8e8011800 Implicit null exception at 0x00007fc8d9241336 to 0x00007fc8d9241855
Event: 18.425 Thread 0x00007fc8e8011800 Implicit null exception at 0x00007fc8d91f7bb6 to 0x00007fc8d91f80a5

Events (10 events):
Event: 2448.036 Executing VM operation: GetCurrentContendedMonitor done
Event: 2453.423 Executing VM operation: GetCurrentContendedMonitor
Event: 2453.423 Executing VM operation: GetCurrentContendedMonitor done
Event: 2453.423 Executing VM operation: GetOwnedMonitorInfo
Event: 2453.423 Executing VM operation: GetOwnedMonitorInfo done
Event: 2454.852 Executing VM operation: GetCurrentContendedMonitor
Event: 2454.852 Executing VM operation: GetCurrentContendedMonitor done
Event: 2454.852 Executing VM operation: GetOwnedMonitorInfo
Event: 2454.852 Executing VM operation: GetOwnedMonitorInfo done
Event: 2457.698 Executing VM operation: GetOrSetLocal


Dynamic libraries:
72b400000-731800000 rw-p 00000000 00:00 0 
731800000-78e700000 ---p 00000000 00:00 0 
78e700000-791900000 rw-p 00000000 00:00 0 
791900000-7c0000000 ---p 00000000 00:00 0 
7c0000000-7c01a0000 rw-p 00000000 00:00 0 
7c01a0000-800000000 ---p 00000000 00:00 0 
55b7e37b0000-55b7e37b1000 r-xp 00000000 fc:00 1447055                    /usr/lib/jvm/java-8-openjdk-amd64/jre/bin/java
55b7e39b0000-55b7e39b1000 r--p 00000000 fc:00 1447055                    /usr/lib/jvm/java-8-openjdk-amd64/jre/bin/java
55b7e39b1000-55b7e39b2000 rw-p 00001000 fc:00 1447055                    /usr/lib/jvm/java-8-openjdk-amd64/jre/bin/java
55b7e437e000-55b7e439f000 rw-p 00000000 00:00 0                          [heap]
7fc888000000-7fc888021000 rw-p 00000000 00:00 0 
7fc888021000-7fc88c000000 ---p 00000000 00:00 0 
7fc88c000000-7fc88c021000 rw-p 00000000 00:00 0 
7fc88c021000-7fc890000000 ---p 00000000 00:00 0 
7fc890000000-7fc89029d000 rw-p 00000000 00:00 0 
7fc89029d000-7fc894000000 ---p 00000000 00:00 0 
7fc894000000-7fc894021000 rw-p 00000000 00:00 0 
7fc894021000-7fc898000000 ---p 00000000 00:00 0 
7fc898000000-7fc89838d000 rw-p 00000000 00:00 0 
7fc89838d000-7fc89c000000 ---p 00000000 00:00 0 
7fc89c000000-7fc89c2db000 rw-p 00000000 00:00 0 
7fc89c2db000-7fc8a0000000 ---p 00000000 00:00 0 
7fc8a0000000-7fc8a0021000 rw-p 00000000 00:00 0 
7fc8a0021000-7fc8a4000000 ---p 00000000 00:00 0 
7fc8a4000000-7fc8a4021000 rw-p 00000000 00:00 0 
7fc8a4021000-7fc8a8000000 ---p 00000000 00:00 0 
7fc8a8000000-7fc8a8021000 rw-p 00000000 00:00 0 
7fc8a8021000-7fc8ac000000 ---p 00000000 00:00 0 
7fc8ac000000-7fc8ac0ae000 rw-p 00000000 00:00 0 
7fc8ac0ae000-7fc8b0000000 ---p 00000000 00:00 0 
7fc8b0000000-7fc8b0021000 rw-p 00000000 00:00 0 
7fc8b0021000-7fc8b4000000 ---p 00000000 00:00 0 
7fc8b4000000-7fc8b4021000 rw-p 00000000 00:00 0 
7fc8b4021000-7fc8b8000000 ---p 00000000 00:00 0 
7fc8b8000000-7fc8b8021000 rw-p 00000000 00:00 0 
7fc8b8021000-7fc8bc000000 ---p 00000000 00:00 0 
7fc8bc000000-7fc8bc021000 rw-p 00000000 00:00 0 
7fc8bc021000-7fc8c0000000 ---p 00000000 00:00 0 
7fc8c0000000-7fc8c0021000 rw-p 00000000 00:00 0 
7fc8c0021000-7fc8c4000000 ---p 00000000 00:00 0 
7fc8c8000000-7fc8c8021000 rw-p 00000000 00:00 0 
7fc8c8021000-7fc8cc000000 ---p 00000000 00:00 0 
7fc8cd0a5000-7fc8cd1a5000 rw-p 00000000 00:00 0 
7fc8cd1a5000-7fc8cd2a5000 ---p 00000000 00:00 0 
7fc8cd2a5000-7fc8cd4a5000 rw-p 00000000 00:00 0 
7fc8cd4a5000-7fc8cd4a8000 ---p 00000000 00:00 0 
7fc8cd4a8000-7fc8cd5a6000 rw-p 00000000 00:00 0 
7fc8cd5a6000-7fc8cd5a7000 ---p 00000000 00:00 0 
7fc8cd5a7000-7fc8cd6a7000 rw-p 00000000 00:00 0 
7fc8cd6a7000-7fc8cd6aa000 ---p 00000000 00:00 0 
7fc8cd6aa000-7fc8cd7a8000 rw-p 00000000 00:00 0 
7fc8cd7a8000-7fc8cd7ab000 ---p 00000000 00:00 0 
7fc8cd7ab000-7fc8cd8a9000 rw-p 00000000 00:00 0 
7fc8cd8a9000-7fc8cd8ac000 ---p 00000000 00:00 0 
7fc8cd8ac000-7fc8cd9aa000 rw-p 00000000 00:00 0 
7fc8cd9aa000-7fc8cd9ad000 ---p 00000000 00:00 0 
7fc8cd9ad000-7fc8cdaab000 rw-p 00000000 00:00 0 
7fc8cdaab000-7fc8cdab1000 r--s 000d3000 fc:00 1588090                    /usr/lib/jvm/java-8-openjdk-amd64/jre/lib/jfr.jar
7fc8cdab1000-7fc8cdac4000 r--s 0034b000 fc:00 1588093                    /usr/lib/jvm/java-8-openjdk-amd64/jre/lib/resources.jar
7fc8cdac4000-7fc8cdadc000 r-xp 00000000 fc:00 1581542                    /usr/lib/jvm/java-8-openjdk-amd64/jre/lib/amd64/libnet.so
7fc8cdadc000-7fc8cdcdb000 ---p 00018000 fc:00 1581542                    /usr/lib/jvm/java-8-openjdk-amd64/jre/lib/amd64/libnet.so
7fc8cdcdb000-7fc8cdcdc000 r--p 00017000 fc:00 1581542                    /usr/lib/jvm/java-8-openjdk-amd64/jre/lib/amd64/libnet.so
7fc8cdcdc000-7fc8cdcdd000 rw-p 00018000 fc:00 1581542                    /usr/lib/jvm/java-8-openjdk-amd64/jre/lib/amd64/libnet.so
7fc8cdcdd000-7fc8cdcef000 r-xp 00000000 fc:00 1579753                    /usr/lib/jvm/java-8-openjdk-amd64/jre/lib/amd64/libnio.so
7fc8cdcef000-7fc8cdeee000 ---p 00012000 fc:00 1579753                    /usr/lib/jvm/java-8-openjdk-amd64/jre/lib/amd64/libnio.so
7fc8cdeee000-7fc8cdeef000 r--p 00011000 fc:00 1579753                    /usr/lib/jvm/java-8-openjdk-amd64/jre/lib/amd64/libnio.so
7fc8cdeef000-7fc8cdef0000 rw-p 00012000 fc:00 1579753                    /usr/lib/jvm/java-8-openjdk-amd64/jre/lib/amd64/libnio.so
7fc8cdef0000-7fc8cdef2000 r--s 00016000 fc:00 1578380                    /usr/lib/jvm/java-8-openjdk-amd64/jre/lib/jce.jar
7fc8cdef2000-7fc8cdf03000 r--s 001bc000 fc:00 1588085                    /usr/lib/jvm/java-8-openjdk-amd64/jre/lib/jsse.jar
7fc8cdf03000-7fc8cdf06000 r--s 00021000 fc:00 1048128                    /home/dev/Desktop/eclipse jee 2020-12/configuration/org.eclipse.osgi/400/0/.cp/lib/javaagent-shaded.jar
7fc8cdf06000-7fc8cdf09000 r--s 0001b000 fc:00 1836552                    /home/dev/.m2/repository/org/junit/platform/junit-platform-launcher/1.6.3/junit-platform-launcher-1.6.3.jar
7fc8cdf09000-7fc8cdf0b000 r--s 0000a000 fc:00 1588334                    /home/dev/.m2/repository/org/springframework/spring-aspects/5.2.10.RELEASE/spring-aspects-5.2.10.RELEASE.jar
7fc8cdf0b000-7fc8cdf18000 r--s 0009c000 fc:00 1326265                    /home/dev/.m2/repository/org/springframework/spring-beans/5.2.10.RELEASE/spring-beans-5.2.10.RELEASE.jar
7fc8cdf18000-7fc8cdf21000 r--s 00044000 fc:00 1452391                    /home/dev/.m2/repository/org/springframework/spring-tx/5.2.10.RELEASE/spring-tx-5.2.10.RELEASE.jar
7fc8cdf21000-7fc8cdf26000 r--s 0002d000 fc:00 1452390                    /home/dev/.m2/repository/org/springframework/spring-orm/5.2.10.RELEASE/spring-orm-5.2.10.RELEASE.jar
7fc8cdf26000-7fc8cdf3f000 r--s 00110000 fc:00 1452388                    /home/dev/.m2/repository/org/springframework/data/spring-data-commons/2.3.5.RELEASE/spring-data-commons-2.3.5.RELEASE.jar
7fc8cdf3f000-7fc8cdf47000 r--s 00052000 fc:00 796741                     /home/dev/.m2/repository/org/springframework/data/spring-data-jpa/2.3.5.RELEASE/spring-data-jpa-2.3.5.RELEASE.jar
7fc8cdf47000-7fc8cdf49000 r--s 0000f000 fc:00 796740                     /home/dev/.m2/repository/com/sun/activation/jakarta.activation/1.2.2/jakarta.activation-1.2.2.jar
7fc8cdf49000-7fc8cdf4b000 r--s 00006000 fc:00 1452385                    /home/dev/.m2/repository/com/sun/istack/istack-commons-runtime/3.0.11/istack-commons-runtime-3.0.11.jar
7fc8cdf4b000-7fc8cdf4d000 r--s 00010000 fc:00 1452383                    /home/dev/.m2/repository/org/glassfish/jaxb/txw2/2.3.3/txw2-2.3.3.jar
7fc8cdf4d000-7fc8cdf62000 r--s 000e8000 fc:00 1452381                    /home/dev/.m2/repository/org/glassfish/jaxb/jaxb-runtime/2.3.3/jaxb-runtime-2.3.3.jar
7fc8cdf62000-7fc8cdf65000 r--s 00010000 fc:00 1464892                    /home/dev/.m2/repository/org/hibernate/common/hibernate-commons-annotations/5.1.0.Final/hibernate-commons-annotations-5.1.0.Final.jar
7fc8cdf65000-7fc8cdf6a000 r--s 0004b000 fc:00 1464893                    /home/dev/.m2/repository/org/dom4j/dom4j/2.1.3/dom4j-2.1.3.jar
7fc8cdf6a000-7fc8cdf6c000 r--s 0000f000 fc:00 1198961                    /home/dev/.m2/repository/com/fasterxml/classmate/1.5.1/classmate-1.5.1.jar
7fc8cdf6c000-7fc8cdf6f000 r--s 0002d000 fc:00 1464886                    /home/dev/.m2/repository/org/jboss/jandex/2.1.3.Final/jandex-2.1.3.Final.jar
7fc8cdf6f000-7fc8cdf74000 r--s 00068000 fc:00 1464884                    /home/dev/.m2/repository/antlr/antlr/2.7.7/antlr-2.7.7.jar
7fc8cdf74000-7fc8cdf7e000 r--s 000b4000 fc:00 1464838                    /home/dev/.m2/repository/org/javassist/javassist/3.24.0-GA/javassist-3.24.0-GA.jar
7fc8cdf7e000-7fc8cdf80000 r--s 0000d000 fc:00 1583929                    /home/dev/.m2/repository/org/jboss/logging/jboss-logging/3.4.1.Final/jboss-logging-3.4.1.Final.jar
7fc8cdf80000-7fc8ce007000 r--s 00678000 fc:00 1452380                    /home/dev/.m2/repository/org/hibernate/hibernate-core/5.4.22.Final/hibernate-core-5.4.22.Final.jar
7fc8ce007000-7fc8ce00d000 r--s 00023000 fc:00 1584278                    /home/dev/.m2/repository/jakarta/persistence/jakarta.persistence-api/2.2.3/jakarta.persistence-api-2.2.3.jar
7fc8ce00d000-7fc8ce00e000 r--s 00003000 fc:00 1584280                    /home/dev/.m2/repository/jakarta/transaction/jakarta.transaction-api/1.3.3/jakarta.transaction-api-1.3.3.jar
7fc8ce00e000-7fc8ce017000 r--s 0005b000 fc:00 1452379                    /home/dev/.m2/repository/org/springframework/spring-jdbc/5.2.10.RELEASE/spring-jdbc-5.2.10.RELEASE.jar
7fc8ce017000-7fc8ce01b000 r--s 00023000 fc:00 931699                     /home/dev/.m2/repository/com/zaxxer/HikariCP/3.4.5/HikariCP-3.4.5.jar
7fc8ce01b000-7fc8ce01c000 r--s 00001000 fc:00 796736                     /home/dev/.m2/repository/org/springframework/boot/spring-boot-starter-jdbc/2.3.5.RELEASE/spring-boot-starter-jdbc-2.3.5.RELEASE.jar
7fc8ce01c000-7fc8ce035000 r--s 001dc000 fc:00 1452378                    /home/dev/.m2/repository/org/aspectj/aspectjweaver/1.9.6/aspectjweaver-1.9.6.jar
7fc8ce035000-7fc8ce03f000 r--s 00052000 fc:00 1326263                    /home/dev/.m2/repository/org/springframework/spring-aop/5.2.10.RELEASE/spring-aop-5.2.10.RELEASE.jar
7fc8ce03f000-7fc8ce040000 r--s 00001000 fc:00 796734                     /home/dev/.m2/repository/org/springframework/boot/spring-boot-starter-aop/2.3.5.RELEASE/spring-boot-starter-aop-2.3.5.RELEASE.jar
7fc8ce040000-7fc8ce041000 r--s 00001000 fc:00 796735                     /home/dev/.m2/repository/org/springframework/boot/spring-boot-starter-data-jpa/2.3.5.RELEASE/spring-boot-starter-data-jpa-2.3.5.RELEASE.jar
7fc8ce041000-7fc8ce043000 r--s 0000d000 fc:00 1588055                    /home/dev/.m2/repository/com/beanit/asn1bean/1.12.0/asn1bean-1.12.0.jar
7fc8ce043000-7fc8ce049000 r--s 00023000 fc:00 1584009                    /home/dev/.m2/repository/com/toedter/jcalendar/1.4/jcalendar-1.4.jar
7fc8ce049000-7fc8ce054000 r--s 00069000 fc:00 1464925                    /home/dev/.m2/repository/ch/qos/logback/logback-core/1.2.3/logback-core-1.2.3.jar
7fc8ce054000-7fc8ce05a000 r--s 00041000 fc:00 1464924                    /home/dev/.m2/repository/ch/qos/logback/logback-classic/1.2.3/logback-classic-1.2.3.jar
7fc8ce05a000-7fc8ce05c000 r--s 0000d000 fc:00 1584008                    /home/dev/.m2/repository/com/beanit/jasn1/1.11.0/jasn1-1.11.0.jar
7fc8ce05c000-7fc8ce05e000 r--s 00009000 fc:00 1464923                    /home/dev/.m2/repository/org/slf4j/slf4j-api/1.7.30/slf4j-api-1.7.30.jar
7fc8ce05e000-7fc8ce068000 r--s 0008f000 fc:00 1584007                    /home/dev/.m2/repository/com/beanit/openiec61850/1.8.0/openiec61850-1.8.0.jar
7fc8ce068000-7fc8ce071000 r--s 0006f000 fc:00 1583620                    /home/dev/.m2/repository/log4j/log4j/1.2.17/log4j-1.2.17.jar
7fc8ce071000-7fc8ce076000 r--s 00025000 fc:00 1587585                    /home/dev/.m2/repository/org/xmlunit/xmlunit-core/2.7.0/xmlunit-core-2.7.0.jar
7fc8ce076000-7fc8ce085000 r--s 00099000 fc:00 1587583                    /home/dev/.m2/repository/org/springframework/spring-test/5.2.10.RELEASE/spring-test-5.2.10.RELEASE.jar
7fc8ce085000-7fc8ce086000 r--s 00004000 fc:00 1583963                    /home/dev/.m2/repository/com/vaadin/external/google/android-json/0.0.20131108.vaadin1/android-json-0.0.20131108.vaadin1.jar
7fc8ce086000-7fc8ce088000 r--s 00006000 fc:00 1583961                    /home/dev/.m2/repository/org/skyscreamer/jsonassert/1.5.0/jsonassert-1.5.0.jar
7fc8ce088000-7fc8ce08a000 r--s 00000000 fc:00 1582913                    /home/dev/.m2/repository/org/mockito/mockito-junit-jupiter/3.3.3/mockito-junit-jupiter-3.3.3.jar
7fc8ce08a000-7fc8ce0d5000 r--s 0030a000 fc:00 1456342                    /home/dev/.m2/repository/net/bytebuddy/byte-buddy/1.10.17/byte-buddy-1.10.17.jar
7fc8ce0d5000-7fc8ce0e6000 r--s 00080000 fc:00 1582912                    /home/dev/.m2/repository/org/mockito/mockito-core/3.3.3/mockito-core-3.3.3.jar
7fc8ce0e6000-7fc8ce0e9000 ---p 00000000 00:00 0 
7fc8ce0e9000-7fc8ce1e7000 rw-p 00000000 00:00 0 
7fc8ce1e7000-7fc8ce1ea000 ---p 00000000 00:00 0 
7fc8ce1ea000-7fc8ce2e8000 rw-p 00000000 00:00 0 
7fc8ce2e8000-7fc8ce2eb000 ---p 00000000 00:00 0 
7fc8ce2eb000-7fc8ce3e9000 rw-p 00000000 00:00 0 
7fc8ce3e9000-7fc8ce3ed000 r-xp 00000000 fc:00 1579060                    /usr/lib/jvm/java-8-openjdk-amd64/jre/lib/amd64/libdt_socket.so
7fc8ce3ed000-7fc8ce5ec000 ---p 00004000 fc:00 1579060                    /usr/lib/jvm/java-8-openjdk-amd64/jre/lib/amd64/libdt_socket.so
7fc8ce5ec000-7fc8ce5ed000 r--p 00003000 fc:00 1579060                    /usr/lib/jvm/java-8-openjdk-amd64/jre/lib/amd64/libdt_socket.so
7fc8ce5ed000-7fc8ce5ee000 rw-p 00004000 fc:00 1579060                    /usr/lib/jvm/java-8-openjdk-amd64/jre/lib/amd64/libdt_socket.so
7fc8ce5ee000-7fc8ce5f1000 ---p 00000000 00:00 0 
7fc8ce5f1000-7fc8ce6ef000 rw-p 00000000 00:00 0 
7fc8ce6ef000-7fc8ce6f2000 ---p 00000000 00:00 0 
7fc8ce6f2000-7fc8ce7f0000 rw-p 00000000 00:00 0 
7fc8ce7f0000-7fc8ce7f3000 ---p 00000000 00:00 0 
7fc8ce7f3000-7fc8ce8f1000 rw-p 00000000 00:00 0 
7fc8ce8f1000-7fc8ce8f2000 ---p 00000000 00:00 0 
7fc8ce8f2000-7fc8d0000000 rw-p 00000000 00:00 0 
7fc8d0000000-7fc8d0021000 rw-p 00000000 00:00 0 
7fc8d0021000-7fc8d4000000 ---p 00000000 00:00 0 
7fc8d4000000-7fc8d4002000 r--s 0000c000 fc:00 1582914                    /home/dev/.m2/repository/org/objenesis/objenesis/2.6/objenesis-2.6.jar
7fc8d4002000-7fc8d4005000 r--s 0003d000 fc:00 1587581                    /home/dev/.m2/repository/net/bytebuddy/byte-buddy-agent/1.10.17/byte-buddy-agent-1.10.17.jar
7fc8d4005000-7fc8d400a000 r--s 00026000 fc:00 1456223                    /home/dev/.m2/repository/org/junit/platform/junit-platform-engine/1.6.3/junit-platform-engine-1.6.3.jar
7fc8d400a000-7fc8d400f000 r--s 0002f000 fc:00 1455964                    /home/dev/.m2/repository/org/junit/jupiter/junit-jupiter-engine/5.6.3/junit-jupiter-engine-5.6.3.jar
7fc8d400f000-7fc8d401c000 r--s 0007d000 fc:00 1587575                    /home/dev/.m2/repository/org/junit/jupiter/junit-jupiter-params/5.6.3/junit-jupiter-params-5.6.3.jar
7fc8d401c000-7fc8d401e000 r--s 00016000 fc:00 1455962                    /home/dev/.m2/repository/org/junit/platform/junit-platform-commons/1.6.3/junit-platform-commons-1.6.3.jar
7fc8d401e000-7fc8d401f000 r--s 00001000 fc:00 1465038                    /home/dev/.m2/repository/org/opentest4j/opentest4j/1.2.0/opentest4j-1.2.0.jar
7fc8d401f000-7fc8d4020000 r--s 00000000 fc:00 1465039                    /home/dev/.m2/repository/org/apiguardian/apiguardian-api/1.1.0/apiguardian-api-1.1.0.jar
7fc8d4020000-7fc8d4024000 r--s 00022000 fc:00 1455957                    /home/dev/.m2/repository/org/junit/jupiter/junit-jupiter-api/5.6.3/junit-jupiter-api-5.6.3.jar
7fc8d4024000-7fc8d4025000 r--s 00001000 fc:00 1587571                    /home/dev/.m2/repository/org/junit/jupiter/junit-jupiter/5.6.3/junit-jupiter-5.6.3.jar
7fc8d4025000-7fc8d4029000 r--s 0001b000 fc:00 1587569                    /home/dev/.m2/repository/org/hamcrest/hamcrest/2.2/hamcrest-2.2.jar
7fc8d4029000-7fc8d4091000 r--s 00410000 fc:00 1465046                    /home/dev/.m2/repository/org/assertj/assertj-core/3.16.1/assertj-core-3.16.1.jar
7fc8d4091000-7fc8d4093000 r--s 0000a000 fc:00 1583941                    /home/dev/.m2/repository/jakarta/activation/jakarta.activation-api/1.2.2/jakarta.activation-api-1.2.2.jar
7fc8d4093000-7fc8d4097000 r--s 00019000 fc:00 1583938                    /home/dev/.m2/repository/jakarta/xml/bind/jakarta.xml.bind-api/2.3.3/jakarta.xml.bind-api-2.3.3.jar
7fc8d4097000-7fc8d4099000 r--s 0000c000 fc:00 1583937                    /home/dev/.m2/repository/org/ow2/asm/asm/5.0.4/asm-5.0.4.jar
7fc8d4099000-7fc8d409c000 r--s 0001b000 fc:00 1583933                    /home/dev/.m2/repository/net/minidev/json-smart/2.3/json-smart-2.3.jar
7fc8d409c000-7fc8d40a2000 r--s 00031000 fc:00 1583932                    /home/dev/.m2/repository/com/jayway/jsonpath/json-path/2.4.0/json-path-2.4.0.jar
7fc8d40a2000-7fc8d40a9000 r--s 00024000 fc:00 550850                     /home/dev/.m2/repository/org/springframework/boot/spring-boot-test-autoconfigure/2.3.5.RELEASE/spring-boot-test-autoconfigure-2.3.5.RELEASE.jar
7fc8d40a9000-7fc8d40ae000 r--s 00030000 fc:00 550851                     /home/dev/.m2/repository/org/springframework/boot/spring-boot-test/2.3.5.RELEASE/spring-boot-test-2.3.5.RELEASE.jar
7fc8d40ae000-7fc8d40b5000 r--s 00045000 fc:00 1587565                    /home/dev/.m2/repository/org/yaml/snakeyaml/1.26/snakeyaml-1.26.jar
7fc8d40b5000-7fc8d40d1000 r--s 00146000 fc:00 1326275                    /home/dev/.m2/repository/org/springframework/spring-core/5.2.10.RELEASE/spring-core-5.2.10.RELEASE.jar
7fc8d40d1000-7fc8d40fa000 r--s 00140000 fc:00 550841                     /home/dev/.m2/repository/org/springframework/boot/spring-boot-autoconfigure/2.3.5.RELEASE/spring-boot-autoconfigure-2.3.5.RELEASE.jar
7fc8d40fa000-7fc8d9000000 rw-p 00000000 00:00 0 
7fc8d9000000-7fc8d9450000 rwxp 00000000 00:00 0 
7fc8d9450000-7fc8e8000000 ---p 00000000 00:00 0 
7fc8e8000000-7fc8e899a000 rw-p 00000000 00:00 0 
7fc8e899a000-7fc8ec000000 ---p 00000000 00:00 0 
7fc8ec000000-7fc8ec002000 r--s 00006000 fc:00 1583936                    /home/dev/.m2/repository/net/minidev/accessors-smart/1.2/accessors-smart-1.2.jar
7fc8ec002000-7fc8ec003000 r--s 00001000 fc:00 550847                     /home/dev/.m2/repository/org/springframework/boot/spring-boot-starter-test/2.3.5.RELEASE/spring-boot-starter-test-2.3.5.RELEASE.jar
7fc8ec003000-7fc8ec004000 r--s 00005000 fc:00 1326277                    /home/dev/.m2/repository/org/springframework/spring-jcl/5.2.10.RELEASE/spring-jcl-5.2.10.RELEASE.jar
7fc8ec004000-7fc8ec006000 r--s 00005000 fc:00 1583616                    /home/dev/.m2/repository/jakarta/annotation/jakarta.annotation-api/1.3.5/jakarta.annotation-api-1.3.5.jar
7fc8ec006000-7fc8ec008000 r--s 00000000 fc:00 1583615                    /home/dev/.m2/repository/org/slf4j/jul-to-slf4j/1.7.30/jul-to-slf4j-1.7.30.jar
7fc8ec008000-7fc8ec00e000 r--s 00042000 fc:00 1326271                    /home/dev/.m2/repository/org/apache/logging/log4j/log4j-api/2.13.3/log4j-api-2.13.3.jar
7fc8ec00e000-7fc8ec010000 r--s 00003000 fc:00 1326270                    /home/dev/.m2/repository/org/apache/logging/log4j/log4j-to-slf4j/2.13.3/log4j-to-slf4j-2.13.3.jar
7fc8ec010000-7fc8ec011000 r--s 00001000 fc:00 550843                     /home/dev/.m2/repository/org/springframework/boot/spring-boot-starter-logging/2.3.5.RELEASE/spring-boot-starter-logging-2.3.5.RELEASE.jar
7fc8ec011000-7fc8ec016000 r--s 00040000 fc:00 1326266                    /home/dev/.m2/repository/org/springframework/spring-expression/5.2.10.RELEASE/spring-expression-5.2.10.RELEASE.jar
7fc8ec016000-7fc8ec032000 r--s 00111000 fc:00 1326264                    /home/dev/.m2/repository/org/springframework/spring-context/5.2.10.RELEASE/spring-context-5.2.10.RELEASE.jar
7fc8ec032000-7fc8ec04b000 r--s 000fa000 fc:00 550838                     /home/dev/.m2/repository/org/springframework/boot/spring-boot/2.3.5.RELEASE/spring-boot-2.3.5.RELEASE.jar
7fc8ec04b000-7fc8ec04c000 r--s 00001000 fc:00 550839                     /home/dev/.m2/repository/org/springframework/boot/spring-boot-starter/2.3.5.RELEASE/spring-boot-starter-2.3.5.RELEASE.jar
7fc8ec04c000-7fc8ec04d000 r--s 0000a000 fc:00 1835774                    /usr/lib/jvm/java-8-openjdk-amd64/jre/lib/ext/jaccess.jar
7fc8ec04d000-7fc8ec04f000 r--s 00001000 fc:00 1835772                    /usr/lib/jvm/java-8-openjdk-amd64/jre/lib/ext/dnsns.jar
7fc8ec04f000-7fc8ec051000 r--s 00010000 fc:00 1835955                    /usr/lib/jvm/java-8-openjdk-amd64/jre/lib/ext/zipfs.jar
7fc8ec051000-7fc8ec052000 r--s 0000d000 fc:00 1836018                    /usr/lib/jvm/java-8-openjdk-amd64/jre/lib/ext/sunec.jar
7fc8ec052000-7fc8ec06d000 r--s 00394000 fc:00 1835957                    /usr/lib/jvm/java-8-openjdk-amd64/jre/lib/ext/cldrdata.jar
7fc8ec06d000-7fc8ec088000 r--s 001d6000 fc:00 1835773                    /usr/lib/jvm/java-8-openjdk-amd64/jre/lib/ext/nashorn.jar
7fc8ec088000-7fc8ec189000 rw-p 00000000 00:00 0 
7fc8ec189000-7fc8ec359000 r--s 03c94000 fc:00 1588086                    /usr/lib/jvm/java-8-openjdk-amd64/jre/lib/rt.jar
7fc8ec359000-7fc8ec3cf000 rw-p 00000000 00:00 0 
7fc8ec3cf000-7fc8ec3d0000 ---p 00000000 00:00 0 
7fc8ec3d0000-7fc8ec4d0000 rw-p 00000000 00:00 0 
7fc8ec4d0000-7fc8ec4d1000 ---p 00000000 00:00 0 
7fc8ec4d1000-7fc8ec5d1000 rw-p 00000000 00:00 0 
7fc8ec5d1000-7fc8ec5d2000 ---p 00000000 00:00 0 
7fc8ec5d2000-7fc8ec6d2000 rw-p 00000000 00:00 0 
7fc8ec6d2000-7fc8ec6d3000 ---p 00000000 00:00 0 
7fc8ec6d3000-7fc8ec805000 rw-p 00000000 00:00 0 
7fc8ec805000-7fc8ecaed000 ---p 00000000 00:00 0 
7fc8ecaed000-7fc8ecb1f000 rw-p 00000000 00:00 0 
7fc8ecb1f000-7fc8ece06000 ---p 00000000 00:00 0 
7fc8ece06000-7fc8ece20000 rw-p 00000000 00:00 0 
7fc8ece20000-7fc8ecf93000 ---p 00000000 00:00 0 
7fc8ecf93000-7fc8ecfa6000 rw-p 00000000 00:00 0 
7fc8ecfa6000-7fc8ed354000 ---p 00000000 00:00 0 
7fc8ed354000-7fc8ed35c000 r-xp 00000000 fc:00 1579046                    /usr/lib/jvm/java-8-openjdk-amd64/jre/lib/amd64/libzip.so
7fc8ed35c000-7fc8ed55b000 ---p 00008000 fc:00 1579046                    /usr/lib/jvm/java-8-openjdk-amd64/jre/lib/amd64/libzip.so
7fc8ed55b000-7fc8ed55c000 r--p 00007000 fc:00 1579046                    /usr/lib/jvm/java-8-openjdk-amd64/jre/lib/amd64/libzip.so
7fc8ed55c000-7fc8ed55d000 rw-p 00008000 fc:00 1579046                    /usr/lib/jvm/java-8-openjdk-amd64/jre/lib/amd64/libzip.so
7fc8ed55d000-7fc8ed568000 r-xp 00000000 fc:00 1708032                    /lib/x86_64-linux-gnu/libnss_files-2.23.so
7fc8ed568000-7fc8ed767000 ---p 0000b000 fc:00 1708032                    /lib/x86_64-linux-gnu/libnss_files-2.23.so
7fc8ed767000-7fc8ed768000 r--p 0000a000 fc:00 1708032                    /lib/x86_64-linux-gnu/libnss_files-2.23.so
7fc8ed768000-7fc8ed769000 rw-p 0000b000 fc:00 1708032                    /lib/x86_64-linux-gnu/libnss_files-2.23.so
7fc8ed769000-7fc8ed76f000 rw-p 00000000 00:00 0 
7fc8ed76f000-7fc8ed77a000 r-xp 00000000 fc:00 1708036                    /lib/x86_64-linux-gnu/libnss_nis-2.23.so
7fc8ed77a000-7fc8ed979000 ---p 0000b000 fc:00 1708036                    /lib/x86_64-linux-gnu/libnss_nis-2.23.so
7fc8ed979000-7fc8ed97a000 r--p 0000a000 fc:00 1708036                    /lib/x86_64-linux-gnu/libnss_nis-2.23.so
7fc8ed97a000-7fc8ed97b000 rw-p 0000b000 fc:00 1708036                    /lib/x86_64-linux-gnu/libnss_nis-2.23.so
7fc8ed97b000-7fc8ed991000 r-xp 00000000 fc:00 1708022                    /lib/x86_64-linux-gnu/libnsl-2.23.so
7fc8ed991000-7fc8edb90000 ---p 00016000 fc:00 1708022                    /lib/x86_64-linux-gnu/libnsl-2.23.so
7fc8edb90000-7fc8edb91000 r--p 00015000 fc:00 1708022                    /lib/x86_64-linux-gnu/libnsl-2.23.so
7fc8edb91000-7fc8edb92000 rw-p 00016000 fc:00 1708022                    /lib/x86_64-linux-gnu/libnsl-2.23.so
7fc8edb92000-7fc8edb94000 rw-p 00000000 00:00 0 
7fc8edb94000-7fc8edb9c000 r-xp 00000000 fc:00 1708034                    /lib/x86_64-linux-gnu/libnss_compat-2.23.so
7fc8edb9c000-7fc8edd9b000 ---p 00008000 fc:00 1708034                    /lib/x86_64-linux-gnu/libnss_compat-2.23.so
7fc8edd9b000-7fc8edd9c000 r--p 00007000 fc:00 1708034                    /lib/x86_64-linux-gnu/libnss_compat-2.23.so
7fc8edd9c000-7fc8edd9d000 rw-p 00008000 fc:00 1708034                    /lib/x86_64-linux-gnu/libnss_compat-2.23.so
7fc8edd9d000-7fc8edda7000 r-xp 00000000 fc:00 1581536                    /usr/lib/jvm/java-8-openjdk-amd64/jre/lib/amd64/libinstrument.so
7fc8edda7000-7fc8edfa6000 ---p 0000a000 fc:00 1581536                    /usr/lib/jvm/java-8-openjdk-amd64/jre/lib/amd64/libinstrument.so
7fc8edfa6000-7fc8edfa7000 r--p 00009000 fc:00 1581536                    /usr/lib/jvm/java-8-openjdk-amd64/jre/lib/amd64/libinstrument.so
7fc8edfa7000-7fc8edfa8000 rw-p 0000a000 fc:00 1581536                    /usr/lib/jvm/java-8-openjdk-amd64/jre/lib/amd64/libinstrument.so
7fc8edfa8000-7fc8ee2c9000 r--p 00000000 fc:00 1318661                    /usr/lib/locale/locale-archive
7fc8ee2c9000-7fc8ee2cb000 r-xp 00000000 fc:00 1579052                    /usr/lib/jvm/java-8-openjdk-amd64/jre/lib/amd64/libnpt.so
7fc8ee2cb000-7fc8ee4cb000 ---p 00002000 fc:00 1579052                    /usr/lib/jvm/java-8-openjdk-amd64/jre/lib/amd64/libnpt.so
7fc8ee4cb000-7fc8ee4cc000 r--p 00002000 fc:00 1579052                    /usr/lib/jvm/java-8-openjdk-amd64/jre/lib/amd64/libnpt.so
7fc8ee4cc000-7fc8ee4cd000 rw-p 00003000 fc:00 1579052                    /usr/lib/jvm/java-8-openjdk-amd64/jre/lib/amd64/libnpt.so
7fc8ee4cd000-7fc8ee508000 r-xp 00000000 fc:00 1579751                    /usr/lib/jvm/java-8-openjdk-amd64/jre/lib/amd64/libjdwp.so
7fc8ee508000-7fc8ee708000 ---p 0003b000 fc:00 1579751                    /usr/lib/jvm/java-8-openjdk-amd64/jre/lib/amd64/libjdwp.so
7fc8ee708000-7fc8ee709000 r--p 0003b000 fc:00 1579751                    /usr/lib/jvm/java-8-openjdk-amd64/jre/lib/amd64/libjdwp.so
7fc8ee709000-7fc8ee70a000 rw-p 0003c000 fc:00 1579751                    /usr/lib/jvm/java-8-openjdk-amd64/jre/lib/amd64/libjdwp.so
7fc8ee70a000-7fc8ee734000 r-xp 00000000 fc:00 1579063                    /usr/lib/jvm/java-8-openjdk-amd64/jre/lib/amd64/libjava.so
7fc8ee734000-7fc8ee933000 ---p 0002a000 fc:00 1579063                    /usr/lib/jvm/java-8-openjdk-amd64/jre/lib/amd64/libjava.so
7fc8ee933000-7fc8ee934000 r--p 00029000 fc:00 1579063                    /usr/lib/jvm/java-8-openjdk-amd64/jre/lib/amd64/libjava.so
7fc8ee934000-7fc8ee936000 rw-p 0002a000 fc:00 1579063                    /usr/lib/jvm/java-8-openjdk-amd64/jre/lib/amd64/libjava.so
7fc8ee936000-7fc8ee945000 r-xp 00000000 fc:00 1579055                    /usr/lib/jvm/java-8-openjdk-amd64/jre/lib/amd64/libverify.so
7fc8ee945000-7fc8eeb44000 ---p 0000f000 fc:00 1579055                    /usr/lib/jvm/java-8-openjdk-amd64/jre/lib/amd64/libverify.so
7fc8eeb44000-7fc8eeb46000 r--p 0000e000 fc:00 1579055                    /usr/lib/jvm/java-8-openjdk-amd64/jre/lib/amd64/libverify.so
7fc8eeb46000-7fc8eeb47000 rw-p 00010000 fc:00 1579055                    /usr/lib/jvm/java-8-openjdk-amd64/jre/lib/amd64/libverify.so
7fc8eeb47000-7fc8eeb4e000 r-xp 00000000 fc:00 1708039                    /lib/x86_64-linux-gnu/librt-2.23.so
7fc8eeb4e000-7fc8eed4d000 ---p 00007000 fc:00 1708039                    /lib/x86_64-linux-gnu/librt-2.23.so
7fc8eed4d000-7fc8eed4e000 r--p 00006000 fc:00 1708039                    /lib/x86_64-linux-gnu/librt-2.23.so
7fc8eed4e000-7fc8eed4f000 rw-p 00007000 fc:00 1708039                    /lib/x86_64-linux-gnu/librt-2.23.so
7fc8eed4f000-7fc8eed65000 r-xp 00000000 fc:00 1701143                    /lib/x86_64-linux-gnu/libgcc_s.so.1
7fc8eed65000-7fc8eef64000 ---p 00016000 fc:00 1701143                    /lib/x86_64-linux-gnu/libgcc_s.so.1
7fc8eef64000-7fc8eef65000 rw-p 00015000 fc:00 1701143                    /lib/x86_64-linux-gnu/libgcc_s.so.1
7fc8eef65000-7fc8ef06d000 r-xp 00000000 fc:00 1708023                    /lib/x86_64-linux-gnu/libm-2.23.so
7fc8ef06d000-7fc8ef26c000 ---p 00108000 fc:00 1708023                    /lib/x86_64-linux-gnu/libm-2.23.so
7fc8ef26c000-7fc8ef26d000 r--p 00107000 fc:00 1708023                    /lib/x86_64-linux-gnu/libm-2.23.so
7fc8ef26d000-7fc8ef26e000 rw-p 00108000 fc:00 1708023                    /lib/x86_64-linux-gnu/libm-2.23.so
7fc8ef26e000-7fc8ef3e0000 r-xp 00000000 fc:00 1316728                    /usr/lib/x86_64-linux-gnu/libstdc++.so.6.0.21
7fc8ef3e0000-7fc8ef5e0000 ---p 00172000 fc:00 1316728                    /usr/lib/x86_64-linux-gnu/libstdc++.so.6.0.21
7fc8ef5e0000-7fc8ef5ea000 r--p 00172000 fc:00 1316728                    /usr/lib/x86_64-linux-gnu/libstdc++.so.6.0.21
7fc8ef5ea000-7fc8ef5ec000 rw-p 0017c000 fc:00 1316728                    /usr/lib/x86_64-linux-gnu/libstdc++.so.6.0.21
7fc8ef5ec000-7fc8ef5f0000 rw-p 00000000 00:00 0 
7fc8ef5f0000-7fc8f0315000 r-xp 00000000 fc:00 1579051                    /usr/lib/jvm/java-8-openjdk-amd64/jre/lib/amd64/server/libjvm.so
7fc8f0315000-7fc8f0514000 ---p 00d25000 fc:00 1579051                    /usr/lib/jvm/java-8-openjdk-amd64/jre/lib/amd64/server/libjvm.so
7fc8f0514000-7fc8f05aa000 r--p 00d24000 fc:00 1579051                    /usr/lib/jvm/java-8-openjdk-amd64/jre/lib/amd64/server/libjvm.so
7fc8f05aa000-7fc8f05d3000 rw-p 00dba000 fc:00 1579051                    /usr/lib/jvm/java-8-openjdk-amd64/jre/lib/amd64/server/libjvm.so
7fc8f05d3000-7fc8f0606000 rw-p 00000000 00:00 0 
7fc8f0606000-7fc8f061e000 r-xp 00000000 fc:00 1708020                    /lib/x86_64-linux-gnu/libpthread-2.23.so
7fc8f061e000-7fc8f081d000 ---p 00018000 fc:00 1708020                    /lib/x86_64-linux-gnu/libpthread-2.23.so
7fc8f081d000-7fc8f081e000 r--p 00017000 fc:00 1708020                    /lib/x86_64-linux-gnu/libpthread-2.23.so
7fc8f081e000-7fc8f081f000 rw-p 00018000 fc:00 1708020                    /lib/x86_64-linux-gnu/libpthread-2.23.so
7fc8f081f000-7fc8f0823000 rw-p 00000000 00:00 0 
7fc8f0823000-7fc8f0826000 r-xp 00000000 fc:00 1708016                    /lib/x86_64-linux-gnu/libdl-2.23.so
7fc8f0826000-7fc8f0a25000 ---p 00003000 fc:00 1708016                    /lib/x86_64-linux-gnu/libdl-2.23.so
7fc8f0a25000-7fc8f0a26000 r--p 00002000 fc:00 1708016                    /lib/x86_64-linux-gnu/libdl-2.23.so
7fc8f0a26000-7fc8f0a27000 rw-p 00003000 fc:00 1708016                    /lib/x86_64-linux-gnu/libdl-2.23.so
7fc8f0a27000-7fc8f0a40000 r-xp 00000000 fc:00 1701114                    /lib/x86_64-linux-gnu/libz.so.1.2.8
7fc8f0a40000-7fc8f0c3f000 ---p 00019000 fc:00 1701114                    /lib/x86_64-linux-gnu/libz.so.1.2.8
7fc8f0c3f000-7fc8f0c40000 r--p 00018000 fc:00 1701114                    /lib/x86_64-linux-gnu/libz.so.1.2.8
7fc8f0c40000-7fc8f0c41000 rw-p 00019000 fc:00 1701114                    /lib/x86_64-linux-gnu/libz.so.1.2.8
7fc8f0c41000-7fc8f0e01000 r-xp 00000000 fc:00 1708018                    /lib/x86_64-linux-gnu/libc-2.23.so
7fc8f0e01000-7fc8f1001000 ---p 001c0000 fc:00 1708018                    /lib/x86_64-linux-gnu/libc-2.23.so
7fc8f1001000-7fc8f1005000 r--p 001c0000 fc:00 1708018                    /lib/x86_64-linux-gnu/libc-2.23.so
7fc8f1005000-7fc8f1007000 rw-p 001c4000 fc:00 1708018                    /lib/x86_64-linux-gnu/libc-2.23.so
7fc8f1007000-7fc8f100b000 rw-p 00000000 00:00 0 
7fc8f100b000-7fc8f1019000 r-xp 00000000 fc:00 1710974                    /usr/lib/jvm/java-8-openjdk-amd64/jre/lib/amd64/jli/libjli.so
7fc8f1019000-7fc8f1218000 ---p 0000e000 fc:00 1710974                    /usr/lib/jvm/java-8-openjdk-amd64/jre/lib/amd64/jli/libjli.so
7fc8f1218000-7fc8f1219000 r--p 0000d000 fc:00 1710974                    /usr/lib/jvm/java-8-openjdk-amd64/jre/lib/amd64/jli/libjli.so
7fc8f1219000-7fc8f121a000 rw-p 0000e000 fc:00 1710974                    /usr/lib/jvm/java-8-openjdk-amd64/jre/lib/amd64/jli/libjli.so
7fc8f121a000-7fc8f1240000 r-xp 00000000 fc:00 1708030                    /lib/x86_64-linux-gnu/ld-2.23.so
7fc8f1240000-7fc8f1244000 r--s 00040000 fc:00 1835775                    /usr/lib/jvm/java-8-openjdk-amd64/jre/lib/ext/sunpkcs11.jar
7fc8f1244000-7fc8f124a000 r--s 0003d000 fc:00 1836020                    /usr/lib/jvm/java-8-openjdk-amd64/jre/lib/ext/sunjce_provider.jar
7fc8f124a000-7fc8f1322000 rw-p 00000000 00:00 0 
7fc8f1322000-7fc8f1325000 ---p 00000000 00:00 0 
7fc8f1325000-7fc8f1427000 rw-p 00000000 00:00 0 
7fc8f1427000-7fc8f1431000 r--s 00117000 fc:00 1835958                    /usr/lib/jvm/java-8-openjdk-amd64/jre/lib/ext/localedata.jar
7fc8f1431000-7fc8f1434000 r--s 0000f000 fc:00 1836019                    /usr/lib/jvm/java-8-openjdk-amd64/jre/lib/ext/icedtea-sound.jar
7fc8f1434000-7fc8f143c000 rw-s 00000000 fc:00 1050347                    /tmp/hsperfdata_dev/20174
7fc8f143c000-7fc8f143d000 rw-p 00000000 00:00 0 
7fc8f143d000-7fc8f143e000 ---p 00000000 00:00 0 
7fc8f143e000-7fc8f143f000 rw-p 00000000 00:00 0 
7fc8f143f000-7fc8f1440000 r--p 00025000 fc:00 1708030                    /lib/x86_64-linux-gnu/ld-2.23.so
7fc8f1440000-7fc8f1441000 rw-p 00026000 fc:00 1708030                    /lib/x86_64-linux-gnu/ld-2.23.so
7fc8f1441000-7fc8f1442000 rw-p 00000000 00:00 0 
7fffdff2d000-7fffdff50000 rw-p 00000000 00:00 0                          [stack]
7fffdff63000-7fffdff65000 r--p 00000000 00:00 0                          [vvar]
7fffdff65000-7fffdff67000 r-xp 00000000 00:00 0                          [vdso]
ffffffffff600000-ffffffffff601000 r-xp 00000000 00:00 0                  [vsyscall]

VM Arguments:
jvm_args: -agentlib:jdwp=transport=dt_socket,suspend=y,address=localhost:46027 -ea -javaagent:/home/dev/Desktop/eclipse jee 2020-12/configuration/org.eclipse.osgi/400/0/.cp/lib/javaagent-shaded.jar -Dfile.encoding=UTF-8 
java_command: org.eclipse.jdt.internal.junit.runner.RemoteTestRunner -version 3 -port 45221 -testLoaderClass org.eclipse.jdt.internal.junit5.runner.JUnit5TestLoader -loaderpluginname org.eclipse.jdt.junit5.runtime -classNames com.cgi.iec61850serversimulator.SwitchingMomentCalculatorTest
java_class_path (initial): /home/dev/git/iec61850simulator/iec61850serversimulator/target/test-classes:/home/dev/git/iec61850simulator/iec61850serversimulator/target/classes:/home/dev/.m2/repository/org/springframework/boot/spring-boot-starter/2.3.5.RELEASE/spring-boot-starter-2.3.5.RELEASE.jar:/home/dev/.m2/repository/org/springframework/boot/spring-boot/2.3.5.RELEASE/spring-boot-2.3.5.RELEASE.jar:/home/dev/.m2/repository/org/springframework/spring-context/5.2.10.RELEASE/spring-context-5.2.10.RELEASE.jar:/home/dev/.m2/repository/org/springframework/spring-expression/5.2.10.RELEASE/spring-expression-5.2.10.RELEASE.jar:/home/dev/.m2/repository/org/springframework/boot/spring-boot-autoconfigure/2.3.5.RELEASE/spring-boot-autoconfigure-2.3.5.RELEASE.jar:/home/dev/.m2/repository/org/springframework/boot/spring-boot-starter-logging/2.3.5.RELEASE/spring-boot-starter-logging-2.3.5.RELEASE.jar:/home/dev/.m2/repository/org/apache/logging/log4j/log4j-to-slf4j/2.13.3/log4j-to-slf4j-2.13.3.jar:/home/dev/.m2/repository/org/apache/logging/log4j/log4j-api/2.13.3/log4j-api-2.13.3.jar:/home/dev/.m2/repository/org/slf4j/jul-to-slf4j/1.7.30/jul-to-slf4j-1.7.30.jar:/home/dev/.m2/repository/jakarta/annotation/jakarta.annotation-api/1.3.5/jakarta.annotation-api-1.3.5.jar:/home/dev/.m2/repository/org/springframework/spring-core/5.2.10.RELEASE/spring-core-5.2.10.RELEASE.jar:/home/dev/.m2/repository/org/springframework/spring-jcl/5.2.10.RELEASE/spring-jcl-5.2.10.RELEASE.jar:/home/dev/.m2/repository/org/yaml/snakeyaml/1.26/snakeyaml-1.26.jar:/home/dev/.m2/repository/org/springframework/boot/spring-boot-starter-test/2.3.5.RELEASE/spring-boot-starter-test-2.3.5.RELEASE.jar:/home/dev/.m2/repository/org/springframework/boot/spring-boot-test/2.3.5.RELEASE/spring-boot-test-2.3.5.RELEASE.jar:/home/dev/.m2/repository/org/springframework/boot/spring-boot-test-autoconfigure/2.3.5.RELEASE/spring-boot-test-autoconfigure-2.3.5.RELEASE.jar:/home/dev/.m2/repository/com/jayway/jsonpath/json-path/2.4.0/json
Launcher Type: SUN_STANDARD

Environment Variables:
PATH=/home/dev//bin:/home/dev//.local/bin:/home/dev/.local/bin:/usr/local/sbin:/usr/local/bin:/usr/sbin:/usr/bin:/sbin:/bin:/usr/games:/usr/local/games:/snap/bin
SHELL=/bin/bash
DISPLAY=:0

Signal Handlers:
SIGSEGV: [libjvm.so+0xb1e930], sa_mask[0]=11111111011111111101111111111110, sa_flags=SA_RESTART|SA_SIGINFO
SIGBUS: [libjvm.so+0xb1e930], sa_mask[0]=11111111011111111101111111111110, sa_flags=SA_RESTART|SA_SIGINFO
SIGFPE: [libjvm.so+0x956440], sa_mask[0]=11111111011111111101111111111110, sa_flags=SA_RESTART|SA_SIGINFO
SIGPIPE: [libjvm.so+0x956440], sa_mask[0]=11111111011111111101111111111110, sa_flags=SA_RESTART|SA_SIGINFO
SIGXFSZ: [libjvm.so+0x956440], sa_mask[0]=11111111011111111101111111111110, sa_flags=SA_RESTART|SA_SIGINFO
SIGILL: [libjvm.so+0x956440], sa_mask[0]=11111111011111111101111111111110, sa_flags=SA_RESTART|SA_SIGINFO
SIGUSR1: SIG_DFL, sa_mask[0]=00000000000000000000000000000000, sa_flags=none
SIGUSR2: [libjvm.so+0x9562f0], sa_mask[0]=00100000000000000000000000000000, sa_flags=SA_RESTART|SA_SIGINFO
SIGHUP: [libjvm.so+0x956980], sa_mask[0]=11111111011111111101111111111110, sa_flags=SA_RESTART|SA_SIGINFO
SIGINT: [libjvm.so+0x956980], sa_mask[0]=11111111011111111101111111111110, sa_flags=SA_RESTART|SA_SIGINFO
SIGTERM: [libjvm.so+0x956980], sa_mask[0]=11111111011111111101111111111110, sa_flags=SA_RESTART|SA_SIGINFO
SIGQUIT: [libjvm.so+0x956980], sa_mask[0]=11111111011111111101111111111110, sa_flags=SA_RESTART|SA_SIGINFO


---------------  S Y S T E M  ---------------

OS:DISTRIB_ID=Ubuntu
DISTRIB_RELEASE=16.04
DISTRIB_CODENAME=xenial
DISTRIB_DESCRIPTION="Ubuntu 16.04.7 LTS"

uname:Linux 4.4.0-193-generic #224-Ubuntu SMP Tue Oct 6 17:15:28 UTC 2020 x86_64
libc:glibc 2.23 NPTL 2.23 
rlimit: STACK 8192k, CORE 0k, NPROC 37892, NOFILE 1048576, AS infinity
load average:0.32 0.27 0.19

/proc/meminfo:
MemTotal:        9745532 kB
MemFree:         4374892 kB
MemAvailable:    5726120 kB
Buffers:          314716 kB
Cached:          1253380 kB
SwapCached:            0 kB
Active:          4624528 kB
Inactive:         485884 kB
Active(anon):    3545944 kB
Inactive(anon):    56108 kB
Active(file):    1078584 kB
Inactive(file):   429776 kB
Unevictable:          64 kB
Mlocked:              64 kB
SwapTotal:        524284 kB
SwapFree:         524284 kB
Dirty:               200 kB
Writeback:             0 kB
AnonPages:       3542460 kB
Mapped:           275564 kB
Shmem:             59740 kB
Slab:             162516 kB
SReclaimable:     136968 kB
SUnreclaim:        25548 kB
KernelStack:        9408 kB
PageTables:        33764 kB
NFS_Unstable:          0 kB
Bounce:                0 kB
WritebackTmp:          0 kB
CommitLimit:     5397048 kB
Committed_AS:    6342980 kB
VmallocTotal:   34359738367 kB
VmallocUsed:           0 kB
VmallocChunk:          0 kB
HardwareCorrupted:     0 kB
AnonHugePages:         0 kB
CmaTotal:              0 kB
CmaFree:               0 kB
HugePages_Total:       0
HugePages_Free:        0
HugePages_Rsvd:        0
HugePages_Surp:        0
Hugepagesize:       2048 kB
DirectMap4k:       94144 kB
DirectMap2M:     9891840 kB

container (cgroup) information:
container_type: cgroupv1
cpu_cpuset_cpus: 0-3
cpu_memory_nodes: 0
active_processor_count: 4
cpu_quota: -1
cpu_period: 100000
cpu_shares: -1
memory_limit_in_bytes: -1
memory_and_swap_limit_in_bytes: -2
memory_soft_limit_in_bytes: -1
memory_usage_in_bytes: 5233508352
memory_max_usage_in_bytes: 0


CPU:total 4 (initial active 4) (4 cores per cpu, 1 threads per core) family 6 model 158 stepping 9, cmov, cx8, fxsr, mmx, sse, sse2, sse3, ssse3, sse4.1, sse4.2, popcnt, avx, avx2, aes, clmul, 3dnowpref, lzcnt, tsc, tscinvbit

/proc/cpuinfo:
processor	: 0
vendor_id	: GenuineIntel
cpu family	: 6
model		: 158
model name	: Intel(R) Core(TM) i7-7700HQ CPU @ 2.80GHz
stepping	: 9
cpu MHz		: 2808.002
cache size	: 6144 KB
physical id	: 0
siblings	: 4
core id		: 0
cpu cores	: 4
apicid		: 0
initial apicid	: 0
fpu		: yes
fpu_exception	: yes
cpuid level	: 22
wp		: yes
flags		: fpu vme de pse tsc msr pae mce cx8 apic sep mtrr pge mca cmov pat pse36 clflush mmx fxsr sse sse2 ht syscall nx rdtscp lm constant_tsc rep_good nopl xtopology nonstop_tsc tsc_known_freq pni pclmulqdq ssse3 cx16 pcid sse4_1 sse4_2 movbe popcnt aes xsave avx rdrand hypervisor lahf_lm abm 3dnowprefetch invpcid_single kaiser fsgsbase avx2 invpcid rdseed clflushopt md_clear flush_l1d
bugs		: cpu_meltdown spectre_v1 spectre_v2 spec_store_bypass l1tf mds swapgs itlb_multihit srbds
bogomips	: 5616.00
clflush size	: 64
cache_alignment	: 64
address sizes	: 39 bits physical, 48 bits virtual
power management:

processor	: 1
vendor_id	: GenuineIntel
cpu family	: 6
model		: 158
model name	: Intel(R) Core(TM) i7-7700HQ CPU @ 2.80GHz
stepping	: 9
cpu MHz		: 2808.002
cache size	: 6144 KB
physical id	: 0
siblings	: 4
core id		: 1
cpu cores	: 4
apicid		: 1
initial apicid	: 1
fpu		: yes
fpu_exception	: yes
cpuid level	: 22
wp		: yes
flags		: fpu vme de pse tsc msr pae mce cx8 apic sep mtrr pge mca cmov pat pse36 clflush mmx fxsr sse sse2 ht syscall nx rdtscp lm constant_tsc rep_good nopl xtopology nonstop_tsc tsc_known_freq pni pclmulqdq ssse3 cx16 pcid sse4_1 sse4_2 movbe popcnt aes xsave avx rdrand hypervisor lahf_lm abm 3dnowprefetch invpcid_single kaiser fsgsbase avx2 invpcid rdseed clflushopt md_clear flush_l1d
bugs		: cpu_meltdown spectre_v1 spectre_v2 spec_store_bypass l1tf mds swapgs itlb_multihit srbds
bogomips	: 5616.00
clflush size	: 64
cache_alignment	: 64
address sizes	: 39 bits physical, 48 bits virtual
power management:

processor	: 2
vendor_id	: GenuineIntel
cpu family	: 6
model		: 158
model name	: Intel(R) Core(TM) i7-7700HQ CPU @ 2.80GHz
stepping	: 9
cpu MHz		: 2808.002
cache size	: 6144 KB
physical id	: 0
siblings	: 4
core id		: 2
cpu cores	: 4
apicid		: 2
initial apicid	: 2
fpu		: yes
fpu_exception	: yes
cpuid level	: 22
wp		: yes
flags		: fpu vme de pse tsc msr pae mce cx8 apic sep mtrr pge mca cmov pat pse36 clflush mmx fxsr sse sse2 ht syscall nx rdtscp lm constant_tsc rep_good nopl xtopology nonstop_tsc tsc_known_freq pni pclmulqdq ssse3 cx16 pcid sse4_1 sse4_2 movbe popcnt aes xsave avx rdrand hypervisor lahf_lm abm 3dnowprefetch invpcid_single kaiser fsgsbase avx2 invpcid rdseed clflushopt md_clear flush_l1d
bugs		: cpu_meltdown spectre_v1 spectre_v2 spec_store_bypass l1tf mds swapgs itlb_multihit srbds
bogomips	: 5616.00
clflush size	: 64
cache_alignment	: 64
address sizes	: 39 bits physical, 48 bits virtual
power management:

processor	: 3
vendor_id	: GenuineIntel
cpu family	: 6
model		: 158
model name	: Intel(R) Core(TM) i7-7700HQ CPU @ 2.80GHz
stepping	: 9
cpu MHz		: 2808.002
cache size	: 6144 KB
physical id	: 0
siblings	: 4
core id		: 3
cpu cores	: 4
apicid		: 3
initial apicid	: 3
fpu		: yes
fpu_exception	: yes
cpuid level	: 22
wp		: yes
flags		: fpu vme de pse tsc msr pae mce cx8 apic sep mtrr pge mca cmov pat pse36 clflush mmx fxsr sse sse2 ht syscall nx rdtscp lm constant_tsc rep_good nopl xtopology nonstop_tsc tsc_known_freq pni pclmulqdq ssse3 cx16 pcid sse4_1 sse4_2 movbe popcnt aes xsave avx rdrand hypervisor lahf_lm abm 3dnowprefetch invpcid_single kaiser fsgsbase avx2 invpcid rdseed clflushopt md_clear flush_l1d
bugs		: cpu_meltdown spectre_v1 spectre_v2 spec_store_bypass l1tf mds swapgs itlb_multihit srbds
bogomips	: 5616.00
clflush size	: 64
cache_alignment	: 64
address sizes	: 39 bits physical, 48 bits virtual
power management:



Memory: 4k page, physical 9745532k(4374892k free), swap 524284k(524284k free)

vm_info: OpenJDK 64-Bit Server VM (25.272-b10) for linux-amd64 JRE (1.8.0_272-8u272-b10-0ubuntu1~16.04-b10), built on Oct 26 2020 03:10:50 by "buildd" with gcc 5.4.0 20160609

time: Tue Mar 23 15:53:29 2021
timezone: CET
elapsed time: 2457.703706 seconds (0d 0h 40m 57s)

